[2024-10-16 11:11:12]	[ALERT]	404 - erreur dans le processus de traitement du routage
    routeInfo: array(
        0 => 1,
        1 => 'game@index',
        2 => array(),
    )
    exception-line: 116
    exception-file: 'D:\IUT\3ème année\-EasyCrea-\src\Controller\GameController.php'
    exception-code: 'compact(): Undefined variable $la_carte'
[2024-10-16 11:11:51]	[ALERT]	404 - erreur dans le processus de traitement du routage
    routeInfo: array(
        0 => 1,
        1 => 'game@index',
        2 => array(),
    )
    exception-line: 116
    exception-file: 'D:\IUT\3ème année\-EasyCrea-\src\Controller\GameController.php'
    exception-code: 'compact(): Undefined variable $la_carte'
[2024-10-16 11:11:52]	[ALERT]	404 - erreur dans le processus de traitement du routage
    routeInfo: array(
        0 => 1,
        1 => 'game@index',
        2 => array(),
    )
    exception-line: 116
    exception-file: 'D:\IUT\3ème année\-EasyCrea-\src\Controller\GameController.php'
    exception-code: 'compact(): Undefined variable $la_carte'
[2024-10-16 11:12:03]	[ALERT]	404 - erreur dans le processus de traitement du routage
    routeInfo: array(
        0 => 1,
        1 => 'game@index',
        2 => array(),
    )
    exception-line: 116
    exception-file: 'D:\IUT\3ème année\-EasyCrea-\src\Controller\GameController.php'
    exception-code: 'compact(): Undefined variable $la_carte'
[2024-10-16 11:12:04]	[ALERT]	404 - erreur dans le processus de traitement du routage
    routeInfo: array(
        0 => 1,
        1 => 'game@index',
        2 => array(),
    )
    exception-line: 116
    exception-file: 'D:\IUT\3ème année\-EasyCrea-\src\Controller\GameController.php'
    exception-code: 'compact(): Undefined variable $la_carte'
[2024-10-16 11:14:33]	[ALERT]	404 - erreur dans le processus de traitement du routage
    routeInfo: array(
        0 => 1,
        1 => 'game@index',
        2 => array(),
    )
    exception-line: 118
    exception-file: 'D:\IUT\3ème année\-EasyCrea-\src\Controller\GameController.php'
    exception-code: 'compact(): Undefined variable $la_carte'
[2024-10-16 11:14:33]	[ALERT]	404 - erreur dans le processus de traitement du routage
    routeInfo: array(
        0 => 1,
        1 => 'game@index',
        2 => array(),
    )
    exception-line: 118
    exception-file: 'D:\IUT\3ème année\-EasyCrea-\src\Controller\GameController.php'
    exception-code: 'compact(): Undefined variable $la_carte'
[2024-10-16 11:15:28]	[ALERT]	404 - erreur dans le processus de traitement du routage
    routeInfo: array(
        0 => 1,
        1 => 'game@index',
        2 => array(),
    )
    exception-line: 118
    exception-file: 'D:\IUT\3ème année\-EasyCrea-\src\Controller\GameController.php'
    exception-code: 'compact(): Undefined variable $la_carte'
[2024-10-16 11:15:29]	[ALERT]	404 - erreur dans le processus de traitement du routage
    routeInfo: array(
        0 => 1,
        1 => 'game@index',
        2 => array(),
    )
    exception-line: 118
    exception-file: 'D:\IUT\3ème année\-EasyCrea-\src\Controller\GameController.php'
    exception-code: 'compact(): Undefined variable $la_carte'
[2024-10-16 11:15:40]	[ALERT]	404 - erreur dans le processus de traitement du routage
    routeInfo: array(
        0 => 1,
        1 => 'game@index',
        2 => array(),
    )
    exception-line: 118
    exception-file: 'D:\IUT\3ème année\-EasyCrea-\src\Controller\GameController.php'
    exception-code: 'compact(): Undefined variable $la_carte'
[2024-10-16 11:15:41]	[ALERT]	404 - erreur dans le processus de traitement du routage
    routeInfo: array(
        0 => 1,
        1 => 'game@index',
        2 => array(),
    )
    exception-line: 118
    exception-file: 'D:\IUT\3ème année\-EasyCrea-\src\Controller\GameController.php'
    exception-code: 'compact(): Undefined variable $la_carte'
[2024-10-16 11:18:30]	[ALERT]	404 - erreur dans le processus de traitement du routage
    routeInfo: array(
        0 => 1,
        1 => 'game@index',
        2 => array(),
    )
    exception-line: 122
    exception-file: 'D:\IUT\3ème année\-EasyCrea-\src\Controller\GameController.php'
    exception-code: 'compact(): Undefined variable $la_carte'
[2024-10-16 11:18:30]	[ALERT]	404 - erreur dans le processus de traitement du routage
    routeInfo: array(
        0 => 1,
        1 => 'game@index',
        2 => array(),
    )
    exception-line: 122
    exception-file: 'D:\IUT\3ème année\-EasyCrea-\src\Controller\GameController.php'
    exception-code: 'compact(): Undefined variable $la_carte'
[2024-10-16 11:20:28]	[ALERT]	404 - erreur dans le processus de traitement du routage
    routeInfo: array(
        0 => 1,
        1 => 'game@index',
        2 => array(),
    )
    exception-line: 120
    exception-file: 'D:\IUT\3ème année\-EasyCrea-\src\Controller\GameController.php'
    exception-code: 'compact(): Undefined variable $la_carte'
[2024-10-16 13:02:14]	[ALERT]	404 - erreur dans le processus de traitement du routage
    routeInfo: array(
        0 => 1,
        1 => 'game@index',
        2 => array(),
    )
    exception-line: 113
    exception-file: 'D:\IUT\3ème année\-EasyCrea-\src\Controller\GameController.php'
    exception-code: 'compact(): Undefined variable $texteCarte'
[2024-10-16 13:02:14]	[ALERT]	500 - la méthode noDecks n'existe pas
[2024-10-16 13:02:39]	[ALERT]	404 - erreur dans le processus de traitement du routage
    routeInfo: array(
        0 => 1,
        1 => 'game@index',
        2 => array(),
    )
    exception-line: 113
    exception-file: 'D:\IUT\3ème année\-EasyCrea-\src\Controller\GameController.php'
    exception-code: 'compact(): Undefined variable $texteCarte'
[2024-10-16 14:28:52]	[ALERT]	404 - erreur dans le processus de traitement du routage
    routeInfo: array(
        0 => 1,
        1 => 'game@index',
        2 => array(),
    )
    exception-line: 34
    exception-file: 'D:\IUT\3ème année\-EasyCrea-\src\Controller\GameController.php'
    exception-code: 'Undefined array key "date_fin"'
[2024-10-16 14:29:50]	[ALERT]	404 - erreur dans le processus de traitement du routage
    routeInfo: array(
        0 => 1,
        1 => 'game@index',
        2 => array(),
    )
    exception-line: 120
    exception-file: 'D:\IUT\3ème année\-EasyCrea-\src\Controller\GameController.php'
    exception-code: 'compact(): Undefined variable $texteCarte'
[2024-10-16 14:35:03]	[ALERT]	404 - erreur dans le processus de traitement du routage
    routeInfo: array(
        0 => 1,
        1 => 'game@index',
        2 => array(),
    )
    exception-line: 121
    exception-file: 'D:\IUT\3ème année\-EasyCrea-\src\Controller\GameController.php'
    exception-code: 'compact(): Undefined variable $texteCarte'
[2024-10-16 14:35:19]	[ALERT]	404 - erreur dans le processus de traitement du routage
    routeInfo: array(
        0 => 1,
        1 => 'game@index',
        2 => array(),
    )
    exception-line: 121
    exception-file: 'D:\IUT\3ème année\-EasyCrea-\src\Controller\GameController.php'
    exception-code: 'compact(): Undefined variable $texteCarte'
[2024-10-16 15:01:18]	[ALERT]	404 - erreur dans le processus de traitement du routage
    routeInfo: array(
        0 => 1,
        1 => 'admin@deactivate',
        2 => array(
            'id' => '5',
        ),
    )
    exception-line: 248
    exception-file: 'D:\IUT\3ème année\-EasyCrea-\src\Model\Model.php'
    exception-code: 'SQLSTATE[42S22]: Column not found: 1054 Unknown column 'id' in 'where clause''
[2024-10-16 15:02:39]	[ALERT]	404 - erreur dans le processus de traitement du routage
    routeInfo: array(
        0 => 1,
        1 => 'admin@deactivate',
        2 => array(
            'id' => '5',
        ),
    )
    exception-line: 248
    exception-file: 'D:\IUT\3ème année\-EasyCrea-\src\Model\Model.php'
    exception-code: 'SQLSTATE[42S22]: Column not found: 1054 Unknown column 'id' in 'where clause''
[2024-10-16 15:17:10]	[ALERT]	404 - erreur dans le processus de traitement du routage
    routeInfo: array(
        0 => 1,
        1 => 'admin@deactivate',
        2 => array(
            'id' => '5',
        ),
    )
    exception-line: 248
    exception-file: 'D:\IUT\3ème année\-EasyCrea-\src\Model\Model.php'
    exception-code: 'SQLSTATE[42S22]: Column not found: 1054 Unknown column 'id' in 'where clause''
[2024-10-16 15:23:04]	[ALERT]	404 - erreur dans le processus de traitement du routage
    routeInfo: array(
        0 => 1,
        1 => 'admin@deactivate',
        2 => array(
            'id' => '5',
        ),
    )
    exception-line: 255
    exception-file: 'D:\IUT\3ème année\-EasyCrea-\src\Model\Model.php'
    exception-code: 'SQLSTATE[42S22]: Column not found: 1054 Unknown column 'id' in 'where clause''
[2024-10-16 15:25:40]	[ALERT]	404 - erreur dans le processus de traitement du routage
    routeInfo: array(
        0 => 1,
        1 => 'admin@deactivate',
        2 => array(
            'id' => '5',
        ),
    )
    exception-line: 255
    exception-file: 'D:\IUT\3ème année\-EasyCrea-\src\Model\Model.php'
    exception-code: 'SQLSTATE[42S22]: Column not found: 1054 Unknown column 'id' in 'where clause''
[2024-10-16 15:31:03]	[ALERT]	404 - erreur dans le processus de traitement du routage
    routeInfo: array(
        0 => 1,
        1 => 'admin@deactivate',
        2 => array(
            'id' => '5',
        ),
    )
    exception-line: 255
    exception-file: 'D:\IUT\3ème année\-EasyCrea-\src\Model\Model.php'
    exception-code: 'SQLSTATE[42S22]: Column not found: 1054 Unknown column 'id' in 'where clause''
[2024-10-16 15:37:46]	[ALERT]	404 - erreur dans le processus de traitement du routage
    routeInfo: array(
        0 => 1,
        1 => 'admin@deactivate',
        2 => array(
            'id' => '5',
        ),
    )
    exception-line: 255
    exception-file: 'D:\IUT\3ème année\-EasyCrea-\src\Model\Model.php'
    exception-code: 'SQLSTATE[42S22]: Column not found: 1054 Unknown column 'id' in 'where clause''
[2024-10-16 15:38:06]	[ALERT]	404 - erreur dans le processus de traitement du routage
    routeInfo: array(
        0 => 1,
        1 => 'admin@deactivate',
        2 => array(
            'id' => '5',
        ),
    )
    exception-line: 255
    exception-file: 'D:\IUT\3ème année\-EasyCrea-\src\Model\Model.php'
    exception-code: 'SQLSTATE[42S22]: Column not found: 1054 Unknown column 'id' in 'where clause''
[2024-10-16 15:38:10]	[ALERT]	404 - erreur dans le processus de traitement du routage
    routeInfo: array(
        0 => 1,
        1 => 'admin@deactivate',
        2 => array(
            'id' => '5',
        ),
    )
    exception-line: 255
    exception-file: 'D:\IUT\3ème année\-EasyCrea-\src\Model\Model.php'
    exception-code: 'SQLSTATE[42S22]: Column not found: 1054 Unknown column 'id' in 'where clause''
[2024-10-16 15:39:18]	[ALERT]	404 - erreur dans le processus de traitement du routage
    routeInfo: array(
        0 => 1,
        1 => 'admin@activate',
        2 => array(
            'id' => '6',
        ),
    )
    exception-line: 255
    exception-file: 'D:\IUT\3ème année\-EasyCrea-\src\Model\Model.php'
    exception-code: 'SQLSTATE[42S22]: Column not found: 1054 Unknown column 'id' in 'where clause''
[2024-10-16 15:39:23]	[ALERT]	404 - erreur dans le processus de traitement du routage
    routeInfo: array(
        0 => 1,
        1 => 'admin@deactivate',
        2 => array(
            'id' => '8',
        ),
    )
    exception-line: 255
    exception-file: 'D:\IUT\3ème année\-EasyCrea-\src\Model\Model.php'
    exception-code: 'SQLSTATE[42S22]: Column not found: 1054 Unknown column 'id' in 'where clause''
[2024-10-16 16:07:08]	[ALERT]	404 - erreur dans le processus de traitement du routage
    routeInfo: array(
        0 => 1,
        1 => 'game@index',
        2 => array(),
    )
    exception-line: 122
    exception-file: 'D:\IUT\3ème année\-EasyCrea-\src\Controller\GameController.php'
    exception-code: 'compact(): Undefined variable $texteCarte'
[2024-10-16 16:12:50]	[ALERT]	404 - erreur dans le processus de traitement du routage
    routeInfo: array(
        0 => 1,
        1 => 'game@index',
        2 => array(),
    )
    exception-line: 28
    exception-file: 'D:\IUT\3ème année\-EasyCrea-\src\Controller\GameController.php'
    exception-code: 'Undefined array key "id_createur"'
