[2024-10-14 11:09:09]	[ALERT]	404 - erreur dans le processus de traitement du routage
    routeInfo: array(
        0 => 1,
        1 => 'avatar@index',
        2 => array(),
    )
    exception-line: 234
    exception-file: 'C:\Cours MMI 3ème année\A Blanc\EasyCrea\src\Model\Model.php'
    exception-code: 'SQLSTATE[42S02]: Base table or view not found: 1146 Table 'easycrea.avatar' doesn't exist'
[2024-10-14 11:09:30]	[ALERT]	404 - erreur dans le processus de traitement du routage
    routeInfo: array(
        0 => 1,
        1 => 'avatar@index',
        2 => array(),
    )
    exception-line: 234
    exception-file: 'C:\Cours MMI 3ème année\A Blanc\EasyCrea\src\Model\Model.php'
    exception-code: 'SQLSTATE[42S02]: Base table or view not found: 1146 Table 'easycrea.avatar' doesn't exist'
[2024-10-14 11:59:49]	[ALERT]	500 - le contrôleur App\Controller\AvatarController n'existe pas
[2024-10-14 11:59:51]	[ALERT]	500 - le contrôleur App\Controller\AvatarController n'existe pas
[2024-10-14 12:00:16]	[ALERT]	500 - le contrôleur App\Controller\AvatarController n'existe pas
[2024-10-14 12:00:27]	[ALERT]	500 - le contrôleur App\Controller\AvatarController n'existe pas
[2024-10-14 12:02:10]	[ALERT]	404 - commande non existante :: /index.php
[2024-10-14 12:02:35]	[ALERT]	404 - commande non existante :: /index.php
[2024-10-14 12:02:37]	[ALERT]	404 - commande non existante :: /index.php
[2024-10-14 13:34:13]	[ALERT]	404 - erreur dans le processus de traitement du routage
    routeInfo: array(
        0 => 1,
        1 => 'game@index',
        2 => array(),
    )
    exception-line: 15
    exception-file: 'D:\IUT\3ème année\-EasyCrea-\src\Controller\GameController.php'
    exception-code: 'Undefined global variable $_SESSION'
[2024-10-14 13:35:43]	[ALERT]	404 - erreur dans le processus de traitement du routage
    routeInfo: array(
        0 => 1,
        1 => 'game@index',
        2 => array(),
    )
    exception-line: 15
    exception-file: 'D:\IUT\3ème année\-EasyCrea-\src\Controller\GameController.php'
    exception-code: 'Undefined global variable $_SESSION'
[2024-10-14 13:35:44]	[ALERT]	404 - erreur dans le processus de traitement du routage
    routeInfo: array(
        0 => 1,
        1 => 'game@index',
        2 => array(),
    )
    exception-line: 15
    exception-file: 'D:\IUT\3ème année\-EasyCrea-\src\Controller\GameController.php'
    exception-code: 'Undefined global variable $_SESSION'
[2024-10-14 13:35:45]	[ALERT]	404 - erreur dans le processus de traitement du routage
    routeInfo: array(
        0 => 1,
        1 => 'game@index',
        2 => array(),
    )
    exception-line: 15
    exception-file: 'D:\IUT\3ème année\-EasyCrea-\src\Controller\GameController.php'
    exception-code: 'Undefined global variable $_SESSION'
[2024-10-14 13:35:56]	[ALERT]	404 - erreur dans le processus de traitement du routage
    routeInfo: array(
        0 => 1,
        1 => 'game@index',
        2 => array(),
    )
    exception-line: 15
    exception-file: 'D:\IUT\3ème année\-EasyCrea-\src\Controller\GameController.php'
    exception-code: 'Undefined global variable $_SESSION'
[2024-10-14 13:37:18]	[ALERT]	404 - erreur dans le processus de traitement du routage
    routeInfo: array(
        0 => 1,
        1 => 'game@index',
        2 => array(),
    )
    exception-line: 15
    exception-file: 'D:\IUT\3ème année\-EasyCrea-\src\Controller\GameController.php'
    exception-code: 'Undefined global variable $_SESSION'
[2024-10-14 13:49:08]	[ALERT]	404 - erreur dans le processus de traitement du routage
    routeInfo: array(
        0 => 1,
        1 => 'game@index',
        2 => array(),
    )
    exception-line: 11
    exception-file: 'D:\IUT\3ème année\-EasyCrea-\src\View\game\index.html.twig'
    exception-code: 'Unexpected "endblock" tag (expecting closing tag for the "if" tag defined near line 9).'
[2024-10-14 13:49:59]	[ALERT]	404 - erreur dans le processus de traitement du routage
    routeInfo: array(
        0 => 1,
        1 => 'game@index',
        2 => array(),
    )
    exception-line: 11
    exception-file: 'D:\IUT\3ème année\-EasyCrea-\src\View\game\index.html.twig'
    exception-code: 'Unexpected "endblock" tag (expecting closing tag for the "if" tag defined near line 9).'
[2024-10-14 13:50:27]	[ALERT]	404 - erreur dans le processus de traitement du routage
    routeInfo: array(
        0 => 1,
        1 => 'game@index',
        2 => array(),
    )
    exception-line: 11
    exception-file: 'D:\IUT\3ème année\-EasyCrea-\src\View\game\index.html.twig'
    exception-code: 'Unexpected "endblock" tag (expecting closing tag for the "if" tag defined near line 9).'
[2024-10-14 13:51:35]	[ALERT]	404 - erreur dans le processus de traitement du routage
    routeInfo: array(
        0 => 1,
        1 => 'game@index',
        2 => array(),
    )
    exception-line: 11
    exception-file: 'D:\IUT\3ème année\-EasyCrea-\src\View\game\index.html.twig'
    exception-code: 'Unexpected "endblock" tag (expecting closing tag for the "if" tag defined near line 9).'
[2024-10-14 13:51:37]	[ALERT]	404 - erreur dans le processus de traitement du routage
    routeInfo: array(
        0 => 1,
        1 => 'game@index',
        2 => array(),
    )
    exception-line: 11
    exception-file: 'D:\IUT\3ème année\-EasyCrea-\src\View\game\index.html.twig'
    exception-code: 'Unexpected "endblock" tag (expecting closing tag for the "if" tag defined near line 9).'
[2024-10-14 13:51:45]	[ALERT]	404 - erreur dans le processus de traitement du routage
    routeInfo: array(
        0 => 1,
        1 => 'game@index',
        2 => array(),
    )
    exception-line: 11
    exception-file: 'D:\IUT\3ème année\-EasyCrea-\src\View\game\index.html.twig'
    exception-code: 'Unexpected "endblock" tag (expecting closing tag for the "if" tag defined near line 9).'
[2024-10-14 13:52:25]	[ALERT]	404 - erreur dans le processus de traitement du routage
    routeInfo: array(
        0 => 1,
        1 => 'game@index',
        2 => array(),
    )
    exception-line: 11
    exception-file: 'D:\IUT\3ème année\-EasyCrea-\src\View\game\index.html.twig'
    exception-code: 'Unexpected "endblock" tag (expecting closing tag for the "if" tag defined near line 9).'
[2024-10-14 13:52:26]	[ALERT]	404 - erreur dans le processus de traitement du routage
    routeInfo: array(
        0 => 1,
        1 => 'game@index',
        2 => array(),
    )
    exception-line: 11
    exception-file: 'D:\IUT\3ème année\-EasyCrea-\src\View\game\index.html.twig'
    exception-code: 'Unexpected "endblock" tag (expecting closing tag for the "if" tag defined near line 9).'
[2024-10-14 14:15:42]	[ALERT]	404 - erreur dans le processus de traitement du routage
    routeInfo: array(
        0 => 1,
        1 => 'game@index',
        2 => array(),
    )
    exception-line: 10
    exception-file: 'D:\IUT\3ème année\-EasyCrea-\src\Controller\GameController.php'
    exception-code: 'include_once(src/session_security.php): Failed to open stream: No such file or directory'
[2024-10-14 14:15:44]	[ALERT]	404 - erreur dans le processus de traitement du routage
    routeInfo: array(
        0 => 1,
        1 => 'game@index',
        2 => array(),
    )
    exception-line: 10
    exception-file: 'D:\IUT\3ème année\-EasyCrea-\src\Controller\GameController.php'
    exception-code: 'include_once(src/session_security.php): Failed to open stream: No such file or directory'
[2024-10-14 14:15:45]	[ALERT]	404 - erreur dans le processus de traitement du routage
    routeInfo: array(
        0 => 1,
        1 => 'game@index',
        2 => array(),
    )
    exception-line: 10
    exception-file: 'D:\IUT\3ème année\-EasyCrea-\src\Controller\GameController.php'
    exception-code: 'include_once(src/session_security.php): Failed to open stream: No such file or directory'
[2024-10-14 14:15:46]	[ALERT]	404 - erreur dans le processus de traitement du routage
    routeInfo: array(
        0 => 1,
        1 => 'game@index',
        2 => array(),
    )
    exception-line: 10
    exception-file: 'D:\IUT\3ème année\-EasyCrea-\src\Controller\GameController.php'
    exception-code: 'include_once(src/session_security.php): Failed to open stream: No such file or directory'
[2024-10-14 14:16:32]	[ALERT]	404 - erreur dans le processus de traitement du routage
    routeInfo: array(
        0 => 1,
        1 => 'game@index',
        2 => array(),
    )
    exception-line: 10
    exception-file: 'D:\IUT\3ème année\-EasyCrea-\src\Controller\GameController.php'
    exception-code: 'include_once(src/session_security.php): Failed to open stream: No such file or directory'
[2024-10-14 14:17:58]	[ALERT]	404 - erreur dans le processus de traitement du routage
    routeInfo: array(
        0 => 1,
        1 => 'game@index',
        2 => array(),
    )
    exception-line: 10
    exception-file: 'D:\IUT\3ème année\-EasyCrea-\src\Controller\GameController.php'
    exception-code: 'include_once(src/session_security.php): Failed to open stream: No such file or directory'
[2024-10-14 14:20:37]	[ALERT]	404 - erreur dans le processus de traitement du routage
    routeInfo: array(
        0 => 1,
        1 => 'game@index',
        2 => array(),
    )
    exception-line: 10
    exception-file: 'D:\IUT\3ème année\-EasyCrea-\src\Controller\GameController.php'
    exception-code: 'include_once(src/session_security.php): Failed to open stream: No such file or directory'
[2024-10-14 14:20:40]	[ALERT]	404 - erreur dans le processus de traitement du routage
    routeInfo: array(
        0 => 1,
        1 => 'game@index',
        2 => array(),
    )
    exception-line: 10
    exception-file: 'D:\IUT\3ème année\-EasyCrea-\src\Controller\GameController.php'
    exception-code: 'include_once(src/session_security.php): Failed to open stream: No such file or directory'
[2024-10-14 14:20:51]	[ALERT]	404 - erreur dans le processus de traitement du routage
    routeInfo: array(
        0 => 1,
        1 => 'game@index',
        2 => array(),
    )
    exception-line: 10
    exception-file: 'D:\IUT\3ème année\-EasyCrea-\src\Controller\GameController.php'
    exception-code: 'include_once(src/session_security.php): Failed to open stream: No such file or directory'
[2024-10-14 14:21:05]	[ALERT]	404 - erreur dans le processus de traitement du routage
    routeInfo: array(
        0 => 1,
        1 => 'game@index',
        2 => array(),
    )
    exception-line: 10
    exception-file: 'D:\IUT\3ème année\-EasyCrea-\src\Controller\GameController.php'
    exception-code: 'include_once(src/session_security.php): Failed to open stream: No such file or directory'
[2024-10-14 14:21:38]	[ALERT]	404 - erreur dans le processus de traitement du routage
    routeInfo: array(
        0 => 1,
        1 => 'game@index',
        2 => array(),
    )
    exception-line: 10
    exception-file: 'D:\IUT\3ème année\-EasyCrea-\src\Controller\GameController.php'
    exception-code: 'include_once(src/session_security.php): Failed to open stream: No such file or directory'
[2024-10-14 14:21:42]	[ALERT]	404 - erreur dans le processus de traitement du routage
    routeInfo: array(
        0 => 1,
        1 => 'game@index',
        2 => array(),
    )
    exception-line: 10
    exception-file: 'D:\IUT\3ème année\-EasyCrea-\src\Controller\GameController.php'
    exception-code: 'include_once(src/session_security.php): Failed to open stream: No such file or directory'
[2024-10-14 14:23:34]	[ALERT]	404 - erreur dans le processus de traitement du routage
    routeInfo: array(
        0 => 1,
        1 => 'game@index',
        2 => array(),
    )
    exception-line: 10
    exception-file: 'D:\IUT\3ème année\-EasyCrea-\src\Controller\GameController.php'
    exception-code: 'include_once(src/session_security.php): Failed to open stream: No such file or directory'
[2024-10-14 14:25:57]	[ALERT]	404 - erreur dans le processus de traitement du routage
    routeInfo: array(
        0 => 1,
        1 => 'createur@login',
        2 => array(),
    )
    exception-line: 36
    exception-file: 'D:\IUT\3ème année\-EasyCrea-\src\Controller\CreateurController.php'
    exception-code: 'include_once(src/session_security.php): Failed to open stream: No such file or directory'
[2024-10-14 14:26:22]	[ALERT]	404 - erreur dans le processus de traitement du routage
    routeInfo: array(
        0 => 1,
        1 => 'createur@login',
        2 => array(),
    )
    exception-line: 36
    exception-file: 'D:\IUT\3ème année\-EasyCrea-\src\Controller\CreateurController.php'
    exception-code: 'include_once(src/session_security.php): Failed to open stream: No such file or directory'
[2024-10-14 14:26:23]	[ALERT]	404 - erreur dans le processus de traitement du routage
    routeInfo: array(
        0 => 1,
        1 => 'createur@login',
        2 => array(),
    )
    exception-line: 36
    exception-file: 'D:\IUT\3ème année\-EasyCrea-\src\Controller\CreateurController.php'
    exception-code: 'include_once(src/session_security.php): Failed to open stream: No such file or directory'
[2024-10-14 14:26:23]	[ALERT]	404 - erreur dans le processus de traitement du routage
    routeInfo: array(
        0 => 1,
        1 => 'createur@login',
        2 => array(),
    )
    exception-line: 36
    exception-file: 'D:\IUT\3ème année\-EasyCrea-\src\Controller\CreateurController.php'
    exception-code: 'include_once(src/session_security.php): Failed to open stream: No such file or directory'
[2024-10-14 14:26:24]	[ALERT]	404 - erreur dans le processus de traitement du routage
    routeInfo: array(
        0 => 1,
        1 => 'createur@login',
        2 => array(),
    )
    exception-line: 36
    exception-file: 'D:\IUT\3ème année\-EasyCrea-\src\Controller\CreateurController.php'
    exception-code: 'include_once(src/session_security.php): Failed to open stream: No such file or directory'
[2024-10-14 14:26:52]	[ALERT]	404 - erreur dans le processus de traitement du routage
    routeInfo: array(
        0 => 1,
        1 => 'createur@login',
        2 => array(),
    )
    exception-line: 36
    exception-file: 'D:\IUT\3ème année\-EasyCrea-\src\Controller\CreateurController.php'
    exception-code: 'include_once(src/session_security.php): Failed to open stream: No such file or directory'
[2024-10-14 14:28:01]	[ALERT]	404 - erreur dans le processus de traitement du routage
    routeInfo: array(
        0 => 1,
        1 => 'createur@login',
        2 => array(),
    )
    exception-line: 34
    exception-file: 'D:\IUT\3ème année\-EasyCrea-\src\Controller\CreateurController.php'
    exception-code: 'include_once(src/session_security.php): Failed to open stream: No such file or directory'
[2024-10-14 14:28:02]	[ALERT]	404 - erreur dans le processus de traitement du routage
    routeInfo: array(
        0 => 1,
        1 => 'createur@login',
        2 => array(),
    )
    exception-line: 34
    exception-file: 'D:\IUT\3ème année\-EasyCrea-\src\Controller\CreateurController.php'
    exception-code: 'include_once(src/session_security.php): Failed to open stream: No such file or directory'
[2024-10-14 14:28:04]	[ALERT]	404 - erreur dans le processus de traitement du routage
    routeInfo: array(
        0 => 1,
        1 => 'createur@login',
        2 => array(),
    )
    exception-line: 34
    exception-file: 'D:\IUT\3ème année\-EasyCrea-\src\Controller\CreateurController.php'
    exception-code: 'include_once(src/session_security.php): Failed to open stream: No such file or directory'
[2024-10-14 14:28:05]	[ALERT]	404 - erreur dans le processus de traitement du routage
    routeInfo: array(
        0 => 1,
        1 => 'createur@login',
        2 => array(),
    )
    exception-line: 34
    exception-file: 'D:\IUT\3ème année\-EasyCrea-\src\Controller\CreateurController.php'
    exception-code: 'include_once(src/session_security.php): Failed to open stream: No such file or directory'
[2024-10-14 14:34:06]	[ALERT]	404 - erreur dans le processus de traitement du routage
    routeInfo: array(
        0 => 1,
        1 => 'createur@login',
        2 => array(),
    )
    exception-line: 35
    exception-file: 'D:\IUT\3ème année\-EasyCrea-\src\Controller\CreateurController.php'
    exception-code: 'include_once(src/session_security.php): Failed to open stream: No such file or directory'
[2024-10-14 14:34:27]	[ALERT]	404 - erreur dans le processus de traitement du routage
    routeInfo: array(
        0 => 1,
        1 => 'createur@login',
        2 => array(),
    )
    exception-line: 35
    exception-file: 'D:\IUT\3ème année\-EasyCrea-\src\Controller\CreateurController.php'
    exception-code: 'include_once(src/session_security.php): Failed to open stream: No such file or directory'
[2024-10-14 14:34:30]	[ALERT]	404 - erreur dans le processus de traitement du routage
    routeInfo: array(
        0 => 1,
        1 => 'createur@login',
        2 => array(),
    )
    exception-line: 35
    exception-file: 'D:\IUT\3ème année\-EasyCrea-\src\Controller\CreateurController.php'
    exception-code: 'include_once(src/session_security.php): Failed to open stream: No such file or directory'
[2024-10-14 14:34:40]	[ALERT]	404 - erreur dans le processus de traitement du routage
    routeInfo: array(
        0 => 1,
        1 => 'createur@login',
        2 => array(),
    )
    exception-line: 35
    exception-file: 'D:\IUT\3ème année\-EasyCrea-\src\Controller\CreateurController.php'
    exception-code: 'include_once(src/session_security.php): Failed to open stream: No such file or directory'
[2024-10-14 14:37:12]	[ALERT]	404 - erreur dans le processus de traitement du routage
    routeInfo: array(
        0 => 1,
        1 => 'createur@login',
        2 => array(),
    )
    exception-line: 35
    exception-file: 'D:\IUT\3ème année\-EasyCrea-\src\Controller\CreateurController.php'
    exception-code: 'include(src/session_security.php): Failed to open stream: No such file or directory'
[2024-10-14 14:37:14]	[ALERT]	404 - erreur dans le processus de traitement du routage
    routeInfo: array(
        0 => 1,
        1 => 'createur@login',
        2 => array(),
    )
    exception-line: 35
    exception-file: 'D:\IUT\3ème année\-EasyCrea-\src\Controller\CreateurController.php'
    exception-code: 'include(src/session_security.php): Failed to open stream: No such file or directory'
[2024-10-14 14:39:08]	[ALERT]	404 - erreur dans le processus de traitement du routage
    routeInfo: array(
        0 => 1,
        1 => 'createur@login',
        2 => array(),
    )
    exception-line: 39
    exception-file: 'D:\IUT\3ème année\-EasyCrea-\src\Controller\CreateurController.php'
    exception-code: 'session_set_cookie_params(): Session cookie parameters cannot be changed when a session is active'
[2024-10-14 14:39:09]	[ALERT]	404 - erreur dans le processus de traitement du routage
    routeInfo: array(
        0 => 1,
        1 => 'createur@login',
        2 => array(),
    )
    exception-line: 39
    exception-file: 'D:\IUT\3ème année\-EasyCrea-\src\Controller\CreateurController.php'
    exception-code: 'session_set_cookie_params(): Session cookie parameters cannot be changed when a session is active'
[2024-10-14 14:39:23]	[ALERT]	404 - erreur dans le processus de traitement du routage
    routeInfo: array(
        0 => 1,
        1 => 'createur@login',
        2 => array(),
    )
    exception-line: 39
    exception-file: 'D:\IUT\3ème année\-EasyCrea-\src\Controller\CreateurController.php'
    exception-code: 'session_set_cookie_params(): Session cookie parameters cannot be changed when a session is active'
[2024-10-14 14:40:43]	[ALERT]	404 - erreur dans le processus de traitement du routage
    routeInfo: array(
        0 => 1,
        1 => 'createur@login',
        2 => array(),
    )
    exception-line: 39
    exception-file: 'D:\IUT\3ème année\-EasyCrea-\src\Controller\CreateurController.php'
    exception-code: 'session_set_cookie_params(): Session cookie parameters cannot be changed when a session is active'
[2024-10-14 14:42:46]	[ALERT]	404 - erreur dans le processus de traitement du routage
    routeInfo: array(
        0 => 1,
        1 => 'createur@login',
        2 => array(),
    )
    exception-line: 51
    exception-file: 'D:\IUT\3ème année\-EasyCrea-\src\Controller\CreateurController.php'
    exception-code: 'session_set_cookie_params(): Session cookie parameters cannot be changed when a session is active'
[2024-10-14 15:13:13]	[ALERT]	404 - erreur dans le processus de traitement du routage
    routeInfo: array(
        0 => 1,
        1 => 'createur@logout',
        2 => array(),
    )
    exception-line: 75
    exception-file: 'D:\IUT\3ème année\-EasyCrea-\src\Controller\CreateurController.php'
    exception-code: 'session_destroy(): Trying to destroy uninitialized session'
[2024-10-14 15:15:06]	[ALERT]	404 - erreur dans le processus de traitement du routage
    routeInfo: array(
        0 => 1,
        1 => 'createur@logout',
        2 => array(),
    )
    exception-line: 75
    exception-file: 'D:\IUT\3ème année\-EasyCrea-\src\Controller\CreateurController.php'
    exception-code: 'session_destroy(): Trying to destroy uninitialized session'
