[2024-10-18 0:07:40]	[ALERT]	404 - erreur dans le processus de traitement du routage
    routeInfo: array(
        0 => 1,
        1 => 'game@index',
        2 => array(),
    )
    exception-line: 259
    exception-file: 'C:\Cours MMI 3ème année\A Blanc\EasyCrea\src\Model\Model.php'
    exception-code: 'SQLSTATE[42S22]: Column not found: 1054 Unknown column 'live' in 'where clause''
[2024-10-18 0:09:49]	[ALERT]	404 - erreur dans le processus de traitement du routage
    routeInfo: array(
        0 => 1,
        1 => 'game@index',
        2 => array(),
    )
    exception-line: 106
    exception-file: 'C:\Cours MMI 3ème année\A Blanc\EasyCrea\src\Controller\GameController.php'
    exception-code: 'Undefined variable $carteAleatoire'
[2024-10-18 10:21:04]	[ALERT]	404 - erreur dans le processus de traitement du routage
    routeInfo: array(
        0 => 1,
        1 => 'game@index',
        2 => array(),
    )
    exception-line: 120
    exception-file: 'C:\Cours MMI 3ème année\A Blanc\EasyCrea\src\Controller\GameController.php'
    exception-code: 'compact(): Undefined variable $errorLong'
[2024-10-18 10:21:37]	[ALERT]	404 - erreur dans le processus de traitement du routage
    routeInfo: array(
        0 => 1,
        1 => 'game@index',
        2 => array(),
    )
    exception-line: 120
    exception-file: 'C:\Cours MMI 3ème année\A Blanc\EasyCrea\src\Controller\GameController.php'
    exception-code: 'Undefined variable $errorLong'
[2024-10-18 10:24:50]	[ALERT]	404 - erreur dans le processus de traitement du routage
    routeInfo: array(
        0 => 1,
        1 => 'game@index',
        2 => array(),
    )
    exception-line: 120
    exception-file: 'C:\Cours MMI 3ème année\A Blanc\EasyCrea\src\Controller\GameController.php'
    exception-code: 'Undefined variable $errorLong'
[2024-10-18 10:29:34]	[ALERT]	404 - erreur dans le processus de traitement du routage
    routeInfo: array(
        0 => 1,
        1 => 'game@index',
        2 => array(),
    )
    exception-line: 114
    exception-file: 'C:\Cours MMI 3ème année\A Blanc\EasyCrea\src\Controller\GameController.php'
    exception-code: 'compact(): Undefined variable $carteCréeValeurChoix1Final1'
[2024-10-18 10:29:40]	[ALERT]	404 - erreur dans le processus de traitement du routage
    routeInfo: array(
        0 => 1,
        1 => 'game@index',
        2 => array(),
    )
    exception-line: 114
    exception-file: 'C:\Cours MMI 3ème année\A Blanc\EasyCrea\src\Controller\GameController.php'
    exception-code: 'compact(): Undefined variable $carteCréeValeurChoix1Final1'
[2024-10-18 10:30:07]	[ALERT]	404 - erreur dans le processus de traitement du routage
    routeInfo: array(
        0 => 1,
        1 => 'game@index',
        2 => array(),
    )
    exception-line: 114
    exception-file: 'C:\Cours MMI 3ème année\A Blanc\EasyCrea\src\Controller\GameController.php'
    exception-code: 'compact(): Undefined variable $carteCréeValeurChoix1Final1'
[2024-10-18 10:31:57]	[ALERT]	404 - erreur dans le processus de traitement du routage
    routeInfo: array(
        0 => 1,
        1 => 'game@index',
        2 => array(),
    )
    exception-line: 114
    exception-file: 'C:\Cours MMI 3ème année\A Blanc\EasyCrea\src\Controller\GameController.php'
    exception-code: 'compact(): Undefined variable $carteCréeValeurChoix1Final1'
[2024-10-18 10:32:03]	[ALERT]	404 - erreur dans le processus de traitement du routage
    routeInfo: array(
        0 => 1,
        1 => 'game@index',
        2 => array(),
    )
    exception-line: 114
    exception-file: 'C:\Cours MMI 3ème année\A Blanc\EasyCrea\src\Controller\GameController.php'
    exception-code: 'compact(): Undefined variable $carteCréeValeurChoix1Final1'
[2024-10-18 10:41:20]	[ALERT]	404 - erreur dans le processus de traitement du routage
    routeInfo: array(
        0 => 1,
        1 => 'game@index',
        2 => array(),
    )
    exception-line: 115
    exception-file: 'C:\Cours MMI 3ème année\A Blanc\EasyCrea\src\Controller\GameController.php'
    exception-code: 'compact(): Undefined variable $carteCréeValeurChoix1Final1'
[2024-10-18 12:04:32]	[ALERT]	404 - erreur dans le processus de traitement du routage
    routeInfo: array(
        0 => 1,
        1 => 'admin@showDeck',
        2 => array(
            'id' => '9',
        ),
    )
    exception-line: 291
    exception-file: 'C:\Cours MMI 3ème année\A Blanc\EasyCrea\src\Controller\AdminController.php'
    exception-code: 'Undefined array key "valeurs_choix1"'
[2024-10-18 13:49:56]	[ALERT]	404 - commande non existante :: /admin/showDeck
[2024-10-18 13:52:00]	[ALERT]	404 - commande non existante :: /admin/deck
[2024-10-18 13:58:36]	[ALERT]	404 - commande non existante :: /admin/deck
[2024-10-18 14:00:57]	[ALERT]	404 - commande non existante :: /admin/deck
[2024-10-18 15:16:11]	[ALERT]	404 - commande non existante :: /admin/register
[2024-10-18 16:16:16]	[ALERT]	404 - erreur dans le processus de traitement du routage
    routeInfo: array(
        0 => 1,
        1 => 'admin@showDeck',
        2 => array(
            'id' => '5',
        ),
    )
    exception-line: 255
    exception-file: 'D:\IUT\EasyCrea\src\Model\Model.php'
    exception-code: 'SQLSTATE[42S22]: Column not found: 1054 Unknown column 'email' in 'field list''
[2024-10-18 16:16:21]	[ALERT]	404 - erreur dans le processus de traitement du routage
    routeInfo: array(
        0 => 1,
        1 => 'admin@showDeck',
        2 => array(
            'id' => '5',
        ),
    )
    exception-line: 255
    exception-file: 'D:\IUT\EasyCrea\src\Model\Model.php'
    exception-code: 'SQLSTATE[42S22]: Column not found: 1054 Unknown column 'email' in 'field list''
